<?xml version="1.0" encoding="UTF-8"?>
<testng-results skipped="0" failed="0" ignored="0" total="1" passed="1">
  <reporter-output>
  </reporter-output>
  <suite name="Default suite" duration-ms="13057" started-at="2019-05-16T05:52:28Z" finished-at="2019-05-16T05:52:41Z">
    <groups>
    </groups>
    <test name="Default test" duration-ms="13057" started-at="2019-05-16T05:52:28Z" finished-at="2019-05-16T05:52:41Z">
      <class name="Tooltip">
        <test-method status="PASS" signature="testTooltip()[pri:0, instance:Tooltip@394e1a0f]" name="testTooltip" duration-ms="13006" started-at="2019-05-16T05:52:28Z" finished-at="2019-05-16T05:52:41Z">
          <reporter-output>
          </reporter-output>
        </test-method> <!-- testTooltip -->
      </class> <!-- Tooltip -->
    </test> <!-- Default test -->
  </suite> <!-- Default suite -->
</testng-results>
